======================
| Tempo Crash Dialog |
======================

Generated BY: Tempo Engine - Crash Log Generating
Crashed at: 2024-11-03-22-48-51
Driver Info: OpenGL Vendor=NVIDIA Corporation Version=4.6.0 NVIDIA 560.70 Renderer=NVIDIA GeForce RTX 3050 Laptop GPU/PCIe/SSE2 GLSL=4.60 NVIDIA
Platform: Windows
Render method: DRAW_TILES

HXCPP-Immix:
- Memory Used: 72131016 bytes
- Memory Reserved: 77360072 bytes
- Memory Current Pool: 72131016 bytes
- Memory Large Pool: 69297096 bytes
- HXCPP Debugger: Enabled
- HXCPP Exp Generational Mode: Disabled
- HXCPP Exp Moving GC: Disabled
- HXCPP Exp Moving GC: Disabled
- HXCPP Exp Moving GC: Disabled
- HXCPP Debug Link: Disabled
- HXCPP Stack Trace: Enabled
- HXCPP Stack Trace Line Numbers: Enabled
- HXCPP Pointer Validation: Enabled
- HXCPP Profiler: Disabled
- HXCPP Local Telemetry: Disabled
- HXCPP C++11: Disabled
- Source Annotation: Disabled

======================

Flixel Current State: finality.ui.FreeplayState

======================

Haxelibs: 
- flixel haxelib(5.8.0)
- flixel-addons haxelib(3.2.3)
- flixel-ui haxelib(2.6.1)
- flixel-text-input haxelib(2.0.2)
- flxanimate git(https://github.com/ShadowMario/flxanimate/:6d11b11f65f822a2a2ad01018fa8bcea0437bf5a
- hscript haxelib(2.5.0)
- hscript-iris haxelib(1.1.0)
- linc_luajit git(https://github.com/superpowers04/linc_luajit/:1906c4a96f6bb6df66562b3f24c62f4c5bba14a7
- hxCodec haxelib(3.0.2)
- hxcpp git(https://github.com/HaxeFoundation/hxcpp/:904ea40643b050a5a154c5e4c33a83fd2aec18b1
- hxcpp-debug-server git(https://github.com/FunkinCrew/hxcpp-debugger/hxcpp-debug-server:147294123f983e35f50a966741474438069a7a8f
- hxdiscord_rpc git(https://github.com/FunkinCrew/hxdiscord_rpc/:82c47ecc1a454b7dd644e4fcac7e91155f176dec
- hxp haxelib(1.3.0)
- lime haxelib(8.2.0)
- openfl haxelib(9.4.0)
- systools git(https://github.com/haya3218/retools/:2055163b700afeaf8f566c32442148cdbc429e44
- tjson git(https://github.com/MrzkTeam/tjson/:d4a40ea6640084f1dfb9b61e3a24e1b3ef3a6423
- thx.core git(https://github.com/fponticelli/thx.core/src:76d87418fadd92eb8e1b61f004cff27d656e53dd

======================

Invalid char 0 at position 0
 C:\HaxeToolkit\haxe\std\haxe/format/JsonParser.hx#318 [StackItem(Method(haxe.format.JsonParser,invalidChar))]
 C:\HaxeToolkit\haxe\std\haxe/format/JsonParser.hx#147 [StackItem(Method(haxe.format.JsonParser,parseRec))]
 C:\HaxeToolkit\haxe\std\haxe/format/JsonParser.hx#57 [StackItem(Method(haxe.format.JsonParser,doParse))]
 finality/ui/FreeplayState.hx#83 [StackItem(Method(finality.ui.FreeplayState,create))]
 flixel/FlxGame.hx#640 [StackItem(Method(flixel.FlxGame,switchState))]
 flixel/FlxGame.hx#727 [StackItem(Method(flixel.FlxGame,update))]
 flixel/FlxGame.hx#680 [StackItem(Method(flixel.FlxGame,step))]
 flixel/FlxGame.hx#559 [StackItem(Method(flixel.FlxGame,onEnterFrame))]

